Unity Editor version:    2022.1.19f1 (2fd7b40534d1)
Branch:                  2022.1/staging
Build type:              Release
Batch mode:              YES
macOS version:           Version 11.7.4 (Build 20G1120)
Darwin version:          20.6.0
Architecture:            x86_64
Running under Rosetta:   NO
Available memory:        4096 MB
Using pre-set license
Pro License: YES

COMMAND LINE ARGUMENTS:
/Applications/Unity/Hub/Editor/2022.1.19f1/Unity.app/Contents/MacOS/Unity
-adb2
-batchMode
-noUpm
-name
AssetImportWorker0
-projectPath
/Users/tiberiusshaub/Documents/files/works/unity/Roll-a-ball/unity-project-2
-logFile
Logs/AssetImportWorker0.log
-srvPort
62894
Successfully changed project path to: /Users/tiberiusshaub/Documents/files/works/unity/Roll-a-ball/unity-project-2
/Users/tiberiusshaub/Documents/files/works/unity/Roll-a-ball/unity-project-2
[UnityMemory] Configuration Parameters - Can be set up in boot.config
    "memorysetup-bucket-allocator-granularity=16"
    "memorysetup-bucket-allocator-bucket-count=8"
    "memorysetup-bucket-allocator-block-size=33554432"
    "memorysetup-bucket-allocator-block-count=8"
    "memorysetup-main-allocator-block-size=16777216"
    "memorysetup-thread-allocator-block-size=16777216"
    "memorysetup-gfx-main-allocator-block-size=16777216"
    "memorysetup-gfx-thread-allocator-block-size=16777216"
    "memorysetup-cache-allocator-block-size=4194304"
    "memorysetup-typetree-allocator-block-size=2097152"
    "memorysetup-profiler-bucket-allocator-granularity=16"
    "memorysetup-profiler-bucket-allocator-bucket-count=8"
    "memorysetup-profiler-bucket-allocator-block-size=33554432"
    "memorysetup-profiler-bucket-allocator-block-count=8"
    "memorysetup-profiler-allocator-block-size=16777216"
    "memorysetup-profiler-editor-allocator-block-size=1048576"
    "memorysetup-temp-allocator-size-main=16777216"
    "memorysetup-job-temp-allocator-block-size=2097152"
    "memorysetup-job-temp-allocator-block-size-background=1048576"
    "memorysetup-job-temp-allocator-reduction-small-platforms=262144"
    "memorysetup-temp-allocator-size-background-worker=32768"
    "memorysetup-temp-allocator-size-job-worker=262144"
    "memorysetup-temp-allocator-size-preload-manager=33554432"
    "memorysetup-temp-allocator-size-nav-mesh-worker=65536"
    "memorysetup-temp-allocator-size-audio-worker=65536"
    "memorysetup-temp-allocator-size-cloud-worker=32768"
    "memorysetup-temp-allocator-size-gi-baking-worker=262144"
    "memorysetup-temp-allocator-size-gfx=262144"
Refreshing native plugins compatible for Editor in 504.34 ms, found 3 plugins.
Preloading 0 native plugins for Editor in 0.00 ms.
Initialize engine version: 2022.1.19f1 (2fd7b40534d1)
[Subsystems] Discovering subsystems at path /Applications/Unity/Hub/Editor/2022.1.19f1/Unity.app/Contents/Resources/UnitySubsystems
[Subsystems] Discovering subsystems at path /Users/tiberiusshaub/Documents/files/works/unity/Roll-a-ball/unity-project-2/Assets
GfxDevice: creating device client; threaded=0; jobified=0
Color LCD preferred device: Intel(R) Iris(TM) Graphics 6000 (low power)
Metal devices available: 1
0: Intel(R) Iris(TM) Graphics 6000 (low power)
Using device Intel(R) Iris(TM) Graphics 6000 (low power)
Initializing Metal device caps: Intel(R) Iris(TM) Graphics 6000
Initialize mono
Mono path[0] = '/Applications/Unity/Hub/Editor/2022.1.19f1/Unity.app/Contents/Managed'
Mono path[1] = '/Applications/Unity/Hub/Editor/2022.1.19f1/Unity.app/Contents/MonoBleedingEdge/lib/mono/unityjit-macos'
Mono config path = '/Applications/Unity/Hub/Editor/2022.1.19f1/Unity.app/Contents/MonoBleedingEdge/etc'
Using monoOptions --debugger-agent=transport=dt_socket,embedding=1,server=y,suspend=n,address=127.0.0.1:56475
Begin MonoManager ReloadAssembly
Registering precompiled unity dll's ...
Register platform support module: /Applications/Unity/Hub/Editor/2022.1.19f1/Unity.app/Contents/PlaybackEngines/MacStandaloneSupport/UnityEditor.OSXStandalone.Extensions.dll
Register platform support module: /Applications/Unity/Hub/Editor/2022.1.19f1/PlaybackEngines/WindowsStandaloneSupport/UnityEditor.WindowsStandalone.Extensions.dll
Register platform support module: /Applications/Unity/Hub/Editor/2022.1.19f1/PlaybackEngines/LinuxStandaloneSupport/UnityEditor.LinuxStandalone.Extensions.dll
Registered in 0.007392 seconds.
Native extension for LinuxStandalone target not found
Native extension for WindowsStandalone target not found
Native extension for OSXStandalone target not found
Refreshing native plugins compatible for Editor in 334.73 ms, found 3 plugins.
Preloading 0 native plugins for Editor in 0.00 ms.
Mono: successfully reloaded assembly
- Completed reload, in  3.056 seconds
Domain Reload Profiling:
	ReloadAssembly (3058ms)
		BeginReloadAssembly (357ms)
			ExecutionOrderSort (0ms)
			DisableScriptedObjects (0ms)
			BackupInstance (0ms)
			ReleaseScriptingObjects (0ms)
			CreateAndSetChildDomain (3ms)
		EndReloadAssembly (2094ms)
			LoadAssemblies (370ms)
			RebuildTransferFunctionScriptingTraits (4ms)
			SetupTypeCache (696ms)
				TypeCache.Initialize (694ms)
					TypeCache.ScanAssembly (690ms)
				ResolveRequiredComponents (2ms)
			ReleaseScriptCaches (0ms)
			RebuildScriptCaches (89ms)
			SetupLoadedEditorAssemblies (1124ms)
				LogAssemblyErrors (0ms)
				InitializePlatformSupportModulesInManaged (28ms)
				SetLoadedEditorAssemblies (26ms)
				RefreshPlugins (335ms)
				BeforeProcessingInitializeOnLoad (6ms)
				ProcessInitializeOnLoadAttributes (544ms)
				ProcessInitializeOnLoadMethodAttributes (186ms)
				AfterProcessingInitializeOnLoad (0ms)
				EditorAssembliesLoaded (0ms)
			ExecutionOrderSort2 (0ms)
			AwakeInstancesAfterBackupRestoration (0ms)
Platform modules already initialized, skipping
Registering precompiled user dll's ...
Registered in 0.024640 seconds.
Begin MonoManager ReloadAssembly
Symbol file LoadedFromMemory doesn't match image /Users/tiberiusshaub/Documents/files/works/unity/Roll-a-ball/unity-project-2/Library/PackageCache/com.unity.visualscripting@1.7.8/Editor/VisualScripting.Core/Dependencies/YamlDotNet/Unity.VisualScripting.YamlDotNet.dll
Symbol file LoadedFromMemory doesn't match image /Users/tiberiusshaub/Documents/files/works/unity/Roll-a-ball/unity-project-2/Library/PackageCache/com.unity.visualscripting@1.7.8/Editor/VisualScripting.Core/Dependencies/DotNetZip/Unity.VisualScripting.IonicZip.dll
Native extension for LinuxStandalone target not found
Native extension for WindowsStandalone target not found
Native extension for OSXStandalone target not found
Refreshing native plugins compatible for Editor in 415.25 ms, found 3 plugins.
Preloading 0 native plugins for Editor in 0.00 ms.
Mono: successfully reloaded assembly
- Completed reload, in  6.694 seconds
Domain Reload Profiling:
	ReloadAssembly (6696ms)
		BeginReloadAssembly (412ms)
			ExecutionOrderSort (0ms)
			DisableScriptedObjects (16ms)
			BackupInstance (0ms)
			ReleaseScriptingObjects (1ms)
			CreateAndSetChildDomain (105ms)
		EndReloadAssembly (5741ms)
			LoadAssemblies (477ms)
			RebuildTransferFunctionScriptingTraits (2ms)
			SetupTypeCache (1738ms)
				TypeCache.Initialize (1677ms)
					TypeCache.ScanAssembly (1659ms)
				ResolveRequiredComponents (61ms)
			ReleaseScriptCaches (14ms)
			RebuildScriptCaches (310ms)
			SetupLoadedEditorAssemblies (2910ms)
				LogAssemblyErrors (0ms)
				InitializePlatformSupportModulesInManaged (22ms)
				SetLoadedEditorAssemblies (22ms)
				RefreshPlugins (415ms)
				BeforeProcessingInitializeOnLoad (385ms)
				ProcessInitializeOnLoadAttributes (1654ms)
				ProcessInitializeOnLoadMethodAttributes (403ms)
				AfterProcessingInitializeOnLoad (6ms)
				EditorAssembliesLoaded (1ms)
			ExecutionOrderSort2 (0ms)
			AwakeInstancesAfterBackupRestoration (10ms)
Platform modules already initialized, skipping
========================================================================
Worker process is ready to serve import requests
Launching external process: /Applications/Unity/Hub/Editor/2022.1.19f1/Unity.app/Contents/Tools/UnityShaderCompiler
Launched and connected shader compiler UnityShaderCompiler after 0.16 seconds
Refreshing native plugins compatible for Editor in 1.59 ms, found 3 plugins.
Preloading 0 native plugins for Editor in 0.00 ms.
Unloading 5692 Unused Serialized files (Serialized files now loaded: 0)
Unloading 44 unused Assets / (399.8 KB). Loaded Objects now: 6141.
Memory consumption went from 1.01 GB to 1.00 GB.
Total: 22.806298 ms (FindLiveObjects: 2.047477 ms CreateObjectMapping: 1.332068 ms MarkObjects: 18.211690 ms  DeleteObjects: 1.212904 ms)

AssetImportParameters requested are different than current active one (requested -> active):
  custom:video-decoder-ogg-theora: a1e56fd34408186e4bbccfd4996cb3dc -> 
  custom:container-muxer-webm: aa71ff27fc2769a1b78a27578f13a17b -> 
  custom:container-demuxer-webm: 4f35f7cbe854078d1ac9338744f61a02 -> 
  custom:video-encoder-webm-vp8: eb34c28f22e8b96e1ab97ce403110664 -> 
  custom:framework-osx-AVFoundation: e770b220cccbd017edd2c1fefb359320 -> 
  custom:audio-encoder-webm-vorbis: bf7c407c2cedff20999df2af8eb42d56 -> 
  custom:container-demuxer-ogg: 62fdf1f143b41e24485cea50d1cbac27 -> 
  custom:video-decoder-webm-vp8: 9c59270c3fd7afecdb556c50c9e8de78 -> 
  custom:audio-decoder-ogg-vorbis: bf7c407c2cedff20999df2af8eb42d56 -> 
========================================================================
Received Import Request.
  Time since last request: 208265.633666 seconds.
  path: Assets/scenes/minigame/Volume.png
  artifactKey: Guid(115436a5d4a4f41ba833ff0102e3606a) Importer(815301076,1909f56bfc062723c751e8b465ee728b)
Start importing Assets/scenes/minigame/Volume.png using Guid(115436a5d4a4f41ba833ff0102e3606a) Importer(815301076,1909f56bfc062723c751e8b465ee728b)  -> (artifact id: 'a669e76140d43523cff3c4311048e14d') in 4.205239 seconds 
========================================================================
Received Import Request.
  Time since last request: 0.000370 seconds.
  path: Assets/scenes/minigame/VolumeProfileAsset.png
  artifactKey: Guid(866139e9547044a0aa00037b27583068) Importer(815301076,1909f56bfc062723c751e8b465ee728b)
Start importing Assets/scenes/minigame/VolumeProfileAsset.png using Guid(866139e9547044a0aa00037b27583068) Importer(815301076,1909f56bfc062723c751e8b465ee728b)  -> (artifact id: 'ac4559787bbf152ec2c63a314d25b0bc') in 0.044389 seconds 
========================================================================
Received Import Request.
  Time since last request: 0.000239 seconds.
  path: Assets/scenes/minigame/GlobalVolumeProfile.asset
  artifactKey: Guid(9dbb6d6f1c9bb43d89c1fc5a86b4948e) Importer(815301076,1909f56bfc062723c751e8b465ee728b)
Start importing Assets/scenes/minigame/GlobalVolumeProfile.asset using Guid(9dbb6d6f1c9bb43d89c1fc5a86b4948e) Importer(815301076,1909f56bfc062723c751e8b465ee728b)  -> (artifact id: '3cb3d34324cc80bbd88e5b730edc48c6') in 2.231311 seconds 
========================================================================
Received Import Request.
  Time since last request: 0.000106 seconds.
  path: Assets/template/UniversalRenderPipelineGlobalSettings.asset
  artifactKey: Guid(18dc0cd2c080841dea60987a38ce93fa) Importer(815301076,1909f56bfc062723c751e8b465ee728b)
Start importing Assets/template/UniversalRenderPipelineGlobalSettings.asset using Guid(18dc0cd2c080841dea60987a38ce93fa) Importer(815301076,1909f56bfc062723c751e8b465ee728b)  -> (artifact id: '8e120bbe5683b8fb731b794a9e4d7128') in 0.004598 seconds 
========================================================================
Received Import Request.
  Time since last request: 0.000137 seconds.
  path: Assets/scenes/tutorial_map.unity
  artifactKey: Guid(7ecefc030293c5c4098aa27898524749) Importer(815301076,1909f56bfc062723c751e8b465ee728b)
Start importing Assets/scenes/tutorial_map.unity using Guid(7ecefc030293c5c4098aa27898524749) Importer(815301076,1909f56bfc062723c751e8b465ee728b)  -> (artifact id: 'ec74076cbaac464f46341b9013880e21') in 0.001244 seconds 
========================================================================
Received Import Request.
  Time since last request: 0.000129 seconds.
  path: Assets/template/Readme.asset
  artifactKey: Guid(8105016687592461f977c054a80ce2f2) Importer(815301076,1909f56bfc062723c751e8b465ee728b)
Start importing Assets/template/Readme.asset using Guid(8105016687592461f977c054a80ce2f2) Importer(815301076,1909f56bfc062723c751e8b465ee728b)  -> (artifact id: '2057a5ea6791a132e68cdc0ab31ca666') in 0.006620 seconds 
========================================================================
Received Import Request.
  Time since last request: 35.862662 seconds.
  path: Assets/scenes/Level_2.unity
  artifactKey: Guid(0c1fd7d0b784e2348b5ec7fe7fe09079) Importer(815301076,1909f56bfc062723c751e8b465ee728b)
Start importing Assets/scenes/Level_2.unity using Guid(0c1fd7d0b784e2348b5ec7fe7fe09079) Importer(815301076,1909f56bfc062723c751e8b465ee728b)  -> (artifact id: 'de8d56287b69b73588607195b39d6236') in 0.003815 seconds 
========================================================================
Received Import Request.
  Time since last request: 11.070996 seconds.
  path: Assets/scenes/Level_1.unity
  artifactKey: Guid(c133bb636fdb8b04c9d847a6efff8826) Importer(815301076,1909f56bfc062723c751e8b465ee728b)
Start importing Assets/scenes/Level_1.unity using Guid(c133bb636fdb8b04c9d847a6efff8826) Importer(815301076,1909f56bfc062723c751e8b465ee728b)  -> (artifact id: 'cd4f19a3b1f7139274c9dc81b9857187') in 0.013363 seconds 
========================================================================
Received Import Request.
  Time since last request: 14.178939 seconds.
  path: Assets/materials/Background.mat
  artifactKey: Guid(0d1f2a01d69f8403dbe1474e60c291a3) Importer(815301076,1909f56bfc062723c751e8b465ee728b)
Start importing Assets/materials/Background.mat using Guid(0d1f2a01d69f8403dbe1474e60c291a3) Importer(815301076,1909f56bfc062723c751e8b465ee728b)  -> (artifact id: '225bbc43d55b309dd899ae017f25f228') in 2.364574 seconds 
========================================================================
Received Import Request.
  Time since last request: 0.000253 seconds.
  path: Assets/materials/Background 1.mat
  artifactKey: Guid(a0cc508d7bf9d486eb87a5443813f631) Importer(815301076,1909f56bfc062723c751e8b465ee728b)
Start importing Assets/materials/Background 1.mat using Guid(a0cc508d7bf9d486eb87a5443813f631) Importer(815301076,1909f56bfc062723c751e8b465ee728b)  -> (artifact id: '6fe9602c028eaef36f3c76dc870405ca') in 0.042248 seconds 
========================================================================
Received Import Request.
  Time since last request: 0.000103 seconds.
  path: Assets/materials/walls.mat
  artifactKey: Guid(72ffaecfa796540fb8d93d338d380564) Importer(815301076,1909f56bfc062723c751e8b465ee728b)
Start importing Assets/materials/walls.mat using Guid(72ffaecfa796540fb8d93d338d380564) Importer(815301076,1909f56bfc062723c751e8b465ee728b)  -> (artifact id: '8ed8dd57e2abf8e6f7faadf3fec0f0e7') in 0.051299 seconds 
========================================================================
Received Import Request.
  Time since last request: 109.798553 seconds.
  path: Assets/materials/hole.mat
  artifactKey: Guid(4417107ea73bc4c7a80ddc432dec21f1) Importer(815301076,1909f56bfc062723c751e8b465ee728b)
Start importing Assets/materials/hole.mat using Guid(4417107ea73bc4c7a80ddc432dec21f1) Importer(815301076,1909f56bfc062723c751e8b465ee728b)  -> (artifact id: '8fcb6ec28e9afa7bc743e03cebf619b3') in 0.449894 seconds 
========================================================================
Received Prepare
Registering precompiled user dll's ...
Registered in 0.014171 seconds.
Begin MonoManager ReloadAssembly
Symbol file LoadedFromMemory doesn't match image /Users/tiberiusshaub/Documents/files/works/unity/Roll-a-ball/unity-project-2/Library/PackageCache/com.unity.visualscripting@1.7.8/Editor/VisualScripting.Core/Dependencies/YamlDotNet/Unity.VisualScripting.YamlDotNet.dll
Symbol file LoadedFromMemory doesn't match image /Users/tiberiusshaub/Documents/files/works/unity/Roll-a-ball/unity-project-2/Library/PackageCache/com.unity.visualscripting@1.7.8/Editor/VisualScripting.Core/Dependencies/DotNetZip/Unity.VisualScripting.IonicZip.dll
Native extension for LinuxStandalone target not found
Native extension for WindowsStandalone target not found
Native extension for OSXStandalone target not found
Refreshing native plugins compatible for Editor in 2.11 ms, found 3 plugins.
Preloading 0 native plugins for Editor in 0.00 ms.
Mono: successfully reloaded assembly
- Completed reload, in  3.599 seconds
Domain Reload Profiling:
	ReloadAssembly (3601ms)
		BeginReloadAssembly (748ms)
			ExecutionOrderSort (0ms)
			DisableScriptedObjects (66ms)
			BackupInstance (0ms)
			ReleaseScriptingObjects (0ms)
			CreateAndSetChildDomain (421ms)
		EndReloadAssembly (2634ms)
			LoadAssemblies (321ms)
			RebuildTransferFunctionScriptingTraits (1ms)
			SetupTypeCache (916ms)
				TypeCache.Initialize (887ms)
					TypeCache.ScanAssembly (870ms)
				ResolveRequiredComponents (29ms)
			ReleaseScriptCaches (5ms)
			RebuildScriptCaches (94ms)
			SetupLoadedEditorAssemblies (1138ms)
				LogAssemblyErrors (0ms)
				InitializePlatformSupportModulesInManaged (22ms)
				SetLoadedEditorAssemblies (12ms)
				RefreshPlugins (2ms)
				BeforeProcessingInitializeOnLoad (159ms)
				ProcessInitializeOnLoadAttributes (762ms)
				ProcessInitializeOnLoadMethodAttributes (176ms)
				AfterProcessingInitializeOnLoad (4ms)
				EditorAssembliesLoaded (1ms)
			ExecutionOrderSort2 (0ms)
			AwakeInstancesAfterBackupRestoration (50ms)
Platform modules already initialized, skipping
Refreshing native plugins compatible for Editor in 22.71 ms, found 3 plugins.
Preloading 0 native plugins for Editor in 0.00 ms.
Unloading 5552 Unused Serialized files (Serialized files now loaded: 0)
Unloading 35 unused Assets / (376.3 KB). Loaded Objects now: 6235.
Memory consumption went from 1.00 GB to 1.00 GB.
Total: 45.403511 ms (FindLiveObjects: 2.545382 ms CreateObjectMapping: 2.534285 ms MarkObjects: 34.849160 ms  DeleteObjects: 5.470978 ms)

AssetImportParameters requested are different than current active one (requested -> active):
  custom:video-decoder-ogg-theora: a1e56fd34408186e4bbccfd4996cb3dc -> 
  custom:container-muxer-webm: aa71ff27fc2769a1b78a27578f13a17b -> 
  custom:container-demuxer-webm: 4f35f7cbe854078d1ac9338744f61a02 -> 
  custom:video-encoder-webm-vp8: eb34c28f22e8b96e1ab97ce403110664 -> 
  custom:framework-osx-AVFoundation: e770b220cccbd017edd2c1fefb359320 -> 
  custom:audio-encoder-webm-vorbis: bf7c407c2cedff20999df2af8eb42d56 -> 
  custom:container-demuxer-ogg: 62fdf1f143b41e24485cea50d1cbac27 -> 
  custom:video-decoder-webm-vp8: 9c59270c3fd7afecdb556c50c9e8de78 -> 
  custom:audio-decoder-ogg-vorbis: bf7c407c2cedff20999df2af8eb42d56 -> 
========================================================================
Received Prepare
Registering precompiled user dll's ...
Registered in 0.006797 seconds.
Begin MonoManager ReloadAssembly
Symbol file LoadedFromMemory doesn't match image /Users/tiberiusshaub/Documents/files/works/unity/Roll-a-ball/unity-project-2/Library/PackageCache/com.unity.visualscripting@1.7.8/Editor/VisualScripting.Core/Dependencies/YamlDotNet/Unity.VisualScripting.YamlDotNet.dll
Symbol file LoadedFromMemory doesn't match image /Users/tiberiusshaub/Documents/files/works/unity/Roll-a-ball/unity-project-2/Library/PackageCache/com.unity.visualscripting@1.7.8/Editor/VisualScripting.Core/Dependencies/DotNetZip/Unity.VisualScripting.IonicZip.dll
Native extension for LinuxStandalone target not found
Native extension for WindowsStandalone target not found
Native extension for OSXStandalone target not found
Refreshing native plugins compatible for Editor in 2.08 ms, found 3 plugins.
Preloading 0 native plugins for Editor in 0.00 ms.
Mono: successfully reloaded assembly
- Completed reload, in  3.320 seconds
Domain Reload Profiling:
	ReloadAssembly (3322ms)
		BeginReloadAssembly (614ms)
			ExecutionOrderSort (0ms)
			DisableScriptedObjects (27ms)
			BackupInstance (0ms)
			ReleaseScriptingObjects (1ms)
			CreateAndSetChildDomain (298ms)
		EndReloadAssembly (2441ms)
			LoadAssemblies (356ms)
			RebuildTransferFunctionScriptingTraits (0ms)
			SetupTypeCache (871ms)
				TypeCache.Initialize (847ms)
					TypeCache.ScanAssembly (830ms)
				ResolveRequiredComponents (24ms)
			ReleaseScriptCaches (4ms)
			RebuildScriptCaches (92ms)
			SetupLoadedEditorAssemblies (1013ms)
				LogAssemblyErrors (0ms)
				InitializePlatformSupportModulesInManaged (20ms)
				SetLoadedEditorAssemblies (10ms)
				RefreshPlugins (2ms)
				BeforeProcessingInitializeOnLoad (124ms)
				ProcessInitializeOnLoadAttributes (606ms)
				ProcessInitializeOnLoadMethodAttributes (247ms)
				AfterProcessingInitializeOnLoad (3ms)
				EditorAssembliesLoaded (0ms)
			ExecutionOrderSort2 (0ms)
			AwakeInstancesAfterBackupRestoration (34ms)
Platform modules already initialized, skipping
Refreshing native plugins compatible for Editor in 5.03 ms, found 3 plugins.
Preloading 0 native plugins for Editor in 0.00 ms.
Unloading 5552 Unused Serialized files (Serialized files now loaded: 0)
Unloading 35 unused Assets / (376.3 KB). Loaded Objects now: 6239.
Memory consumption went from 1.00 GB to 1.00 GB.
Total: 8.143130 ms (FindLiveObjects: 0.676130 ms CreateObjectMapping: 1.583638 ms MarkObjects: 5.610198 ms  DeleteObjects: 0.271393 ms)

AssetImportParameters requested are different than current active one (requested -> active):
  custom:video-decoder-ogg-theora: a1e56fd34408186e4bbccfd4996cb3dc -> 
  custom:container-muxer-webm: aa71ff27fc2769a1b78a27578f13a17b -> 
  custom:container-demuxer-webm: 4f35f7cbe854078d1ac9338744f61a02 -> 
  custom:video-encoder-webm-vp8: eb34c28f22e8b96e1ab97ce403110664 -> 
  custom:framework-osx-AVFoundation: e770b220cccbd017edd2c1fefb359320 -> 
  custom:audio-encoder-webm-vorbis: bf7c407c2cedff20999df2af8eb42d56 -> 
  custom:container-demuxer-ogg: 62fdf1f143b41e24485cea50d1cbac27 -> 
  custom:video-decoder-webm-vp8: 9c59270c3fd7afecdb556c50c9e8de78 -> 
  custom:audio-decoder-ogg-vorbis: bf7c407c2cedff20999df2af8eb42d56 -> 
========================================================================
Received Prepare
Registering precompiled user dll's ...
Registered in 0.006379 seconds.
Begin MonoManager ReloadAssembly
Symbol file LoadedFromMemory doesn't match image /Users/tiberiusshaub/Documents/files/works/unity/Roll-a-ball/unity-project-2/Library/PackageCache/com.unity.visualscripting@1.7.8/Editor/VisualScripting.Core/Dependencies/YamlDotNet/Unity.VisualScripting.YamlDotNet.dll
Symbol file LoadedFromMemory doesn't match image /Users/tiberiusshaub/Documents/files/works/unity/Roll-a-ball/unity-project-2/Library/PackageCache/com.unity.visualscripting@1.7.8/Editor/VisualScripting.Core/Dependencies/DotNetZip/Unity.VisualScripting.IonicZip.dll
Native extension for LinuxStandalone target not found
Native extension for WindowsStandalone target not found
Native extension for OSXStandalone target not found
Refreshing native plugins compatible for Editor in 9.08 ms, found 3 plugins.
Preloading 0 native plugins for Editor in 0.00 ms.
Mono: successfully reloaded assembly
- Completed reload, in  4.473 seconds
Domain Reload Profiling:
	ReloadAssembly (4475ms)
		BeginReloadAssembly (925ms)
			ExecutionOrderSort (0ms)
			DisableScriptedObjects (37ms)
			BackupInstance (0ms)
			ReleaseScriptingObjects (1ms)
			CreateAndSetChildDomain (501ms)
		EndReloadAssembly (3266ms)
			LoadAssemblies (358ms)
			RebuildTransferFunctionScriptingTraits (1ms)
			SetupTypeCache (1345ms)
				TypeCache.Initialize (1308ms)
					TypeCache.ScanAssembly (1287ms)
				ResolveRequiredComponents (37ms)
			ReleaseScriptCaches (33ms)
			RebuildScriptCaches (139ms)
			SetupLoadedEditorAssemblies (1265ms)
				LogAssemblyErrors (0ms)
				InitializePlatformSupportModulesInManaged (28ms)
				SetLoadedEditorAssemblies (14ms)
				RefreshPlugins (10ms)
				BeforeProcessingInitializeOnLoad (180ms)
				ProcessInitializeOnLoadAttributes (830ms)
				ProcessInitializeOnLoadMethodAttributes (201ms)
				AfterProcessingInitializeOnLoad (3ms)
				EditorAssembliesLoaded (0ms)
			ExecutionOrderSort2 (0ms)
			AwakeInstancesAfterBackupRestoration (35ms)
Platform modules already initialized, skipping
Refreshing native plugins compatible for Editor in 4.72 ms, found 3 plugins.
Preloading 0 native plugins for Editor in 0.00 ms.
Unloading 5552 Unused Serialized files (Serialized files now loaded: 0)
Unloading 35 unused Assets / (376.2 KB). Loaded Objects now: 6243.
Memory consumption went from 1.00 GB to 1.00 GB.
Total: 33.314569 ms (FindLiveObjects: 0.978379 ms CreateObjectMapping: 1.102024 ms MarkObjects: 29.522290 ms  DeleteObjects: 1.709505 ms)

AssetImportParameters requested are different than current active one (requested -> active):
  custom:video-decoder-ogg-theora: a1e56fd34408186e4bbccfd4996cb3dc -> 
  custom:container-muxer-webm: aa71ff27fc2769a1b78a27578f13a17b -> 
  custom:container-demuxer-webm: 4f35f7cbe854078d1ac9338744f61a02 -> 
  custom:video-encoder-webm-vp8: eb34c28f22e8b96e1ab97ce403110664 -> 
  custom:framework-osx-AVFoundation: e770b220cccbd017edd2c1fefb359320 -> 
  custom:audio-encoder-webm-vorbis: bf7c407c2cedff20999df2af8eb42d56 -> 
  custom:container-demuxer-ogg: 62fdf1f143b41e24485cea50d1cbac27 -> 
  custom:video-decoder-webm-vp8: 9c59270c3fd7afecdb556c50c9e8de78 -> 
  custom:audio-decoder-ogg-vorbis: bf7c407c2cedff20999df2af8eb42d56 -> 
========================================================================
Received Import Request.
  Time since last request: 166.265965 seconds.
  path: ProjectSettings/TagManager.asset
  artifactKey: Guid(00000000000000003000000000000000) Importer(815301076,1909f56bfc062723c751e8b465ee728b)
Start importing ProjectSettings/TagManager.asset using Guid(00000000000000003000000000000000) Importer(815301076,1909f56bfc062723c751e8b465ee728b)  -> (artifact id: '95692648c19da2779eb8225d5fdece6b') in 0.137927 seconds 
========================================================================
Received Prepare
Registering precompiled user dll's ...
Registered in 0.005552 seconds.
Begin MonoManager ReloadAssembly
Symbol file LoadedFromMemory doesn't match image /Users/tiberiusshaub/Documents/files/works/unity/Roll-a-ball/unity-project-2/Library/PackageCache/com.unity.visualscripting@1.7.8/Editor/VisualScripting.Core/Dependencies/YamlDotNet/Unity.VisualScripting.YamlDotNet.dll
Symbol file LoadedFromMemory doesn't match image /Users/tiberiusshaub/Documents/files/works/unity/Roll-a-ball/unity-project-2/Library/PackageCache/com.unity.visualscripting@1.7.8/Editor/VisualScripting.Core/Dependencies/DotNetZip/Unity.VisualScripting.IonicZip.dll
Native extension for LinuxStandalone target not found
Native extension for WindowsStandalone target not found
Native extension for OSXStandalone target not found
Refreshing native plugins compatible for Editor in 10.26 ms, found 3 plugins.
Preloading 0 native plugins for Editor in 0.00 ms.
Mono: successfully reloaded assembly
- Completed reload, in  6.658 seconds
Domain Reload Profiling:
	ReloadAssembly (6662ms)
		BeginReloadAssembly (833ms)
			ExecutionOrderSort (0ms)
			DisableScriptedObjects (20ms)
			BackupInstance (0ms)
			ReleaseScriptingObjects (1ms)
			CreateAndSetChildDomain (367ms)
		EndReloadAssembly (5226ms)
			LoadAssemblies (565ms)
			RebuildTransferFunctionScriptingTraits (0ms)
			SetupTypeCache (2313ms)
				TypeCache.Initialize (2199ms)
					TypeCache.ScanAssembly (2166ms)
				ResolveRequiredComponents (113ms)
			ReleaseScriptCaches (9ms)
			RebuildScriptCaches (322ms)
			SetupLoadedEditorAssemblies (1716ms)
				LogAssemblyErrors (0ms)
				InitializePlatformSupportModulesInManaged (70ms)
				SetLoadedEditorAssemblies (35ms)
				RefreshPlugins (11ms)
				BeforeProcessingInitializeOnLoad (334ms)
				ProcessInitializeOnLoadAttributes (1119ms)
				ProcessInitializeOnLoadMethodAttributes (145ms)
				AfterProcessingInitializeOnLoad (3ms)
				EditorAssembliesLoaded (0ms)
			ExecutionOrderSort2 (0ms)
			AwakeInstancesAfterBackupRestoration (28ms)
Platform modules already initialized, skipping
Refreshing native plugins compatible for Editor in 5.08 ms, found 3 plugins.
Preloading 0 native plugins for Editor in 0.00 ms.
Unloading 5552 Unused Serialized files (Serialized files now loaded: 0)
Unloading 36 unused Assets / (375.2 KB). Loaded Objects now: 6247.
Memory consumption went from 1.00 GB to 1.00 GB.
Total: 9.169782 ms (FindLiveObjects: 0.814970 ms CreateObjectMapping: 1.096840 ms MarkObjects: 6.947791 ms  DeleteObjects: 0.303469 ms)

AssetImportParameters requested are different than current active one (requested -> active):
  custom:video-decoder-ogg-theora: a1e56fd34408186e4bbccfd4996cb3dc -> 
  custom:container-muxer-webm: aa71ff27fc2769a1b78a27578f13a17b -> 
  custom:container-demuxer-webm: 4f35f7cbe854078d1ac9338744f61a02 -> 
  custom:video-encoder-webm-vp8: eb34c28f22e8b96e1ab97ce403110664 -> 
  custom:framework-osx-AVFoundation: e770b220cccbd017edd2c1fefb359320 -> 
  custom:audio-encoder-webm-vorbis: bf7c407c2cedff20999df2af8eb42d56 -> 
  custom:container-demuxer-ogg: 62fdf1f143b41e24485cea50d1cbac27 -> 
  custom:video-decoder-webm-vp8: 9c59270c3fd7afecdb556c50c9e8de78 -> 
  custom:audio-decoder-ogg-vorbis: bf7c407c2cedff20999df2af8eb42d56 -> 
========================================================================
Received Prepare
Registering precompiled user dll's ...
Registered in 0.007773 seconds.
Begin MonoManager ReloadAssembly
Symbol file LoadedFromMemory doesn't match image /Users/tiberiusshaub/Documents/files/works/unity/Roll-a-ball/unity-project-2/Library/PackageCache/com.unity.visualscripting@1.7.8/Editor/VisualScripting.Core/Dependencies/YamlDotNet/Unity.VisualScripting.YamlDotNet.dll
Symbol file LoadedFromMemory doesn't match image /Users/tiberiusshaub/Documents/files/works/unity/Roll-a-ball/unity-project-2/Library/PackageCache/com.unity.visualscripting@1.7.8/Editor/VisualScripting.Core/Dependencies/DotNetZip/Unity.VisualScripting.IonicZip.dll
Native extension for LinuxStandalone target not found
Native extension for WindowsStandalone target not found
Native extension for OSXStandalone target not found
Refreshing native plugins compatible for Editor in 20.03 ms, found 3 plugins.
Preloading 0 native plugins for Editor in 0.00 ms.
Mono: successfully reloaded assembly
- Completed reload, in  8.595 seconds
Domain Reload Profiling:
	ReloadAssembly (8599ms)
		BeginReloadAssembly (986ms)
			ExecutionOrderSort (0ms)
			DisableScriptedObjects (25ms)
			BackupInstance (0ms)
			ReleaseScriptingObjects (1ms)
			CreateAndSetChildDomain (563ms)
		EndReloadAssembly (7228ms)
			LoadAssemblies (457ms)
			RebuildTransferFunctionScriptingTraits (1ms)
			SetupTypeCache (2346ms)
				TypeCache.Initialize (2255ms)
					TypeCache.ScanAssembly (2217ms)
				ResolveRequiredComponents (91ms)
			ReleaseScriptCaches (154ms)
			RebuildScriptCaches (396ms)
			SetupLoadedEditorAssemblies (3300ms)
				LogAssemblyErrors (0ms)
				InitializePlatformSupportModulesInManaged (75ms)
				SetLoadedEditorAssemblies (41ms)
				RefreshPlugins (21ms)
				BeforeProcessingInitializeOnLoad (370ms)
				ProcessInitializeOnLoadAttributes (2244ms)
				ProcessInitializeOnLoadMethodAttributes (539ms)
				AfterProcessingInitializeOnLoad (9ms)
				EditorAssembliesLoaded (1ms)
			ExecutionOrderSort2 (0ms)
			AwakeInstancesAfterBackupRestoration (103ms)
Platform modules already initialized, skipping
Refreshing native plugins compatible for Editor in 6.22 ms, found 3 plugins.
Preloading 0 native plugins for Editor in 0.00 ms.
Unloading 5552 Unused Serialized files (Serialized files now loaded: 0)
Unloading 35 unused Assets / (375.3 KB). Loaded Objects now: 6251.
Memory consumption went from 1.00 GB to 1.00 GB.
Total: 55.865622 ms (FindLiveObjects: 3.158144 ms CreateObjectMapping: 1.966137 ms MarkObjects: 50.204377 ms  DeleteObjects: 0.534180 ms)

AssetImportParameters requested are different than current active one (requested -> active):
  custom:video-decoder-ogg-theora: a1e56fd34408186e4bbccfd4996cb3dc -> 
  custom:container-muxer-webm: aa71ff27fc2769a1b78a27578f13a17b -> 
  custom:container-demuxer-webm: 4f35f7cbe854078d1ac9338744f61a02 -> 
  custom:video-encoder-webm-vp8: eb34c28f22e8b96e1ab97ce403110664 -> 
  custom:framework-osx-AVFoundation: e770b220cccbd017edd2c1fefb359320 -> 
  custom:audio-encoder-webm-vorbis: bf7c407c2cedff20999df2af8eb42d56 -> 
  custom:container-demuxer-ogg: 62fdf1f143b41e24485cea50d1cbac27 -> 
  custom:video-decoder-webm-vp8: 9c59270c3fd7afecdb556c50c9e8de78 -> 
  custom:audio-decoder-ogg-vorbis: bf7c407c2cedff20999df2af8eb42d56 -> 
========================================================================
Received Import Request.
  Time since last request: 123.840479 seconds.
  path: Assets/scenes/tutorial_map.unity
  artifactKey: Guid(7ecefc030293c5c4098aa27898524749) Importer(815301076,1909f56bfc062723c751e8b465ee728b)
Start importing Assets/scenes/tutorial_map.unity using Guid(7ecefc030293c5c4098aa27898524749) Importer(815301076,1909f56bfc062723c751e8b465ee728b)  -> (artifact id: 'b8056f87071d7b2934712260f4acf7aa') in 0.349121 seconds 
========================================================================
Received Import Request.
  Time since last request: 31.635600 seconds.
  path: Assets/scenes/MenuSkeleton.unity
  artifactKey: Guid(3de8aaa24384c194db591b93b01d467e) Importer(815301076,1909f56bfc062723c751e8b465ee728b)
Start importing Assets/scenes/MenuSkeleton.unity using Guid(3de8aaa24384c194db591b93b01d467e) Importer(815301076,1909f56bfc062723c751e8b465ee728b)  -> (artifact id: '09f66641e581c24373791eb9ba1a071f') in 0.004356 seconds 
========================================================================
Received Import Request.
  Time since last request: 7.162276 seconds.
  path: Assets/scenes/tutorialSkeleton.unity
  artifactKey: Guid(748491ae2ba1420439626dbe8e065c73) Importer(815301076,1909f56bfc062723c751e8b465ee728b)
Start importing Assets/scenes/tutorialSkeleton.unity using Guid(748491ae2ba1420439626dbe8e065c73) Importer(815301076,1909f56bfc062723c751e8b465ee728b)  -> (artifact id: '95bfe07a0aacb517eb2cb33d331b1f26') in 0.005012 seconds 
========================================================================
Received Import Request.
  Time since last request: 7.742058 seconds.
  path: Assets/scenes/CreditScene.unity
  artifactKey: Guid(f18c3c003332737478f8ab8f4c425401) Importer(815301076,1909f56bfc062723c751e8b465ee728b)
Start importing Assets/scenes/CreditScene.unity using Guid(f18c3c003332737478f8ab8f4c425401) Importer(815301076,1909f56bfc062723c751e8b465ee728b)  -> (artifact id: '2c671be870571d168022dd75a01c37cc') in 0.001929 seconds 
========================================================================
Received Import Request.
  Time since last request: 9.105232 seconds.
  path: Assets/scenes/Level_1.unity
  artifactKey: Guid(c133bb636fdb8b04c9d847a6efff8826) Importer(815301076,1909f56bfc062723c751e8b465ee728b)
Start importing Assets/scenes/Level_1.unity using Guid(c133bb636fdb8b04c9d847a6efff8826) Importer(815301076,1909f56bfc062723c751e8b465ee728b)  -> (artifact id: '336d595773a49da515c2e683a9e2acc6') in 0.008766 seconds 
========================================================================
Received Prepare
Registering precompiled user dll's ...
Registered in 0.005725 seconds.
Begin MonoManager ReloadAssembly
Symbol file LoadedFromMemory doesn't match image /Users/tiberiusshaub/Documents/files/works/unity/Roll-a-ball/unity-project-2/Library/PackageCache/com.unity.visualscripting@1.7.8/Editor/VisualScripting.Core/Dependencies/YamlDotNet/Unity.VisualScripting.YamlDotNet.dll
Symbol file LoadedFromMemory doesn't match image /Users/tiberiusshaub/Documents/files/works/unity/Roll-a-ball/unity-project-2/Library/PackageCache/com.unity.visualscripting@1.7.8/Editor/VisualScripting.Core/Dependencies/DotNetZip/Unity.VisualScripting.IonicZip.dll
Native extension for LinuxStandalone target not found
Native extension for WindowsStandalone target not found
Native extension for OSXStandalone target not found
Refreshing native plugins compatible for Editor in 13.22 ms, found 3 plugins.
Preloading 0 native plugins for Editor in 0.00 ms.
Mono: successfully reloaded assembly
- Completed reload, in  8.050 seconds
Domain Reload Profiling:
	ReloadAssembly (8052ms)
		BeginReloadAssembly (1236ms)
			ExecutionOrderSort (0ms)
			DisableScriptedObjects (49ms)
			BackupInstance (0ms)
			ReleaseScriptingObjects (1ms)
			CreateAndSetChildDomain (649ms)
		EndReloadAssembly (6090ms)
			LoadAssemblies (725ms)
			RebuildTransferFunctionScriptingTraits (1ms)
			SetupTypeCache (2540ms)
				TypeCache.Initialize (2465ms)
					TypeCache.ScanAssembly (2423ms)
				ResolveRequiredComponents (75ms)
			ReleaseScriptCaches (71ms)
			RebuildScriptCaches (218ms)
			SetupLoadedEditorAssemblies (2110ms)
				LogAssemblyErrors (0ms)
				InitializePlatformSupportModulesInManaged (67ms)
				SetLoadedEditorAssemblies (35ms)
				RefreshPlugins (14ms)
				BeforeProcessingInitializeOnLoad (340ms)
				ProcessInitializeOnLoadAttributes (1445ms)
				ProcessInitializeOnLoadMethodAttributes (202ms)
				AfterProcessingInitializeOnLoad (5ms)
				EditorAssembliesLoaded (1ms)
			ExecutionOrderSort2 (0ms)
			AwakeInstancesAfterBackupRestoration (63ms)
Platform modules already initialized, skipping
Refreshing native plugins compatible for Editor in 4.44 ms, found 3 plugins.
Preloading 0 native plugins for Editor in 0.00 ms.
Unloading 5552 Unused Serialized files (Serialized files now loaded: 0)
Unloading 35 unused Assets / (376.2 KB). Loaded Objects now: 6255.
Memory consumption went from 1.00 GB to 1.00 GB.
Total: 32.469082 ms (FindLiveObjects: 0.856739 ms CreateObjectMapping: 1.098338 ms MarkObjects: 29.404164 ms  DeleteObjects: 1.107452 ms)

AssetImportParameters requested are different than current active one (requested -> active):
  custom:video-decoder-ogg-theora: a1e56fd34408186e4bbccfd4996cb3dc -> 
  custom:container-muxer-webm: aa71ff27fc2769a1b78a27578f13a17b -> 
  custom:container-demuxer-webm: 4f35f7cbe854078d1ac9338744f61a02 -> 
  custom:video-encoder-webm-vp8: eb34c28f22e8b96e1ab97ce403110664 -> 
  custom:framework-osx-AVFoundation: e770b220cccbd017edd2c1fefb359320 -> 
  custom:audio-encoder-webm-vorbis: bf7c407c2cedff20999df2af8eb42d56 -> 
  custom:container-demuxer-ogg: 62fdf1f143b41e24485cea50d1cbac27 -> 
  custom:video-decoder-webm-vp8: 9c59270c3fd7afecdb556c50c9e8de78 -> 
  custom:audio-decoder-ogg-vorbis: bf7c407c2cedff20999df2af8eb42d56 -> 
========================================================================
Received Prepare
Registering precompiled user dll's ...
Registered in 0.014063 seconds.
Begin MonoManager ReloadAssembly
Symbol file LoadedFromMemory doesn't match image /Users/tiberiusshaub/Documents/files/works/unity/Roll-a-ball/unity-project-2/Library/PackageCache/com.unity.visualscripting@1.7.8/Editor/VisualScripting.Core/Dependencies/YamlDotNet/Unity.VisualScripting.YamlDotNet.dll
Symbol file LoadedFromMemory doesn't match image /Users/tiberiusshaub/Documents/files/works/unity/Roll-a-ball/unity-project-2/Library/PackageCache/com.unity.visualscripting@1.7.8/Editor/VisualScripting.Core/Dependencies/DotNetZip/Unity.VisualScripting.IonicZip.dll
Native extension for LinuxStandalone target not found
Native extension for WindowsStandalone target not found
Native extension for OSXStandalone target not found
Refreshing native plugins compatible for Editor in 8.98 ms, found 3 plugins.
Preloading 0 native plugins for Editor in 0.00 ms.
Mono: successfully reloaded assembly
- Completed reload, in  7.410 seconds
Domain Reload Profiling:
	ReloadAssembly (7415ms)
		BeginReloadAssembly (869ms)
			ExecutionOrderSort (0ms)
			DisableScriptedObjects (30ms)
			BackupInstance (0ms)
			ReleaseScriptingObjects (0ms)
			CreateAndSetChildDomain (435ms)
		EndReloadAssembly (5972ms)
			LoadAssemblies (683ms)
			RebuildTransferFunctionScriptingTraits (8ms)
			SetupTypeCache (2270ms)
				TypeCache.Initialize (2196ms)
					TypeCache.ScanAssembly (2116ms)
				ResolveRequiredComponents (74ms)
			ReleaseScriptCaches (49ms)
			RebuildScriptCaches (253ms)
			SetupLoadedEditorAssemblies (2442ms)
				LogAssemblyErrors (0ms)
				InitializePlatformSupportModulesInManaged (25ms)
				SetLoadedEditorAssemblies (16ms)
				RefreshPlugins (9ms)
				BeforeProcessingInitializeOnLoad (336ms)
				ProcessInitializeOnLoadAttributes (1632ms)
				ProcessInitializeOnLoadMethodAttributes (415ms)
				AfterProcessingInitializeOnLoad (9ms)
				EditorAssembliesLoaded (1ms)
			ExecutionOrderSort2 (0ms)
			AwakeInstancesAfterBackupRestoration (92ms)
Platform modules already initialized, skipping
Refreshing native plugins compatible for Editor in 8.17 ms, found 3 plugins.
Preloading 0 native plugins for Editor in 0.00 ms.
Unloading 5552 Unused Serialized files (Serialized files now loaded: 0)
Unloading 35 unused Assets / (375.2 KB). Loaded Objects now: 6259.
Memory consumption went from 1.00 GB to 1.00 GB.
Total: 25.554544 ms (FindLiveObjects: 1.105158 ms CreateObjectMapping: 1.473060 ms MarkObjects: 22.476613 ms  DeleteObjects: 0.497877 ms)

AssetImportParameters requested are different than current active one (requested -> active):
  custom:video-decoder-ogg-theora: a1e56fd34408186e4bbccfd4996cb3dc -> 
  custom:container-muxer-webm: aa71ff27fc2769a1b78a27578f13a17b -> 
  custom:container-demuxer-webm: 4f35f7cbe854078d1ac9338744f61a02 -> 
  custom:video-encoder-webm-vp8: eb34c28f22e8b96e1ab97ce403110664 -> 
  custom:framework-osx-AVFoundation: e770b220cccbd017edd2c1fefb359320 -> 
  custom:audio-encoder-webm-vorbis: bf7c407c2cedff20999df2af8eb42d56 -> 
  custom:container-demuxer-ogg: 62fdf1f143b41e24485cea50d1cbac27 -> 
  custom:video-decoder-webm-vp8: 9c59270c3fd7afecdb556c50c9e8de78 -> 
  custom:audio-decoder-ogg-vorbis: bf7c407c2cedff20999df2af8eb42d56 -> 
========================================================================
Received Prepare
Registering precompiled user dll's ...
Registered in 0.005731 seconds.
Begin MonoManager ReloadAssembly
Symbol file LoadedFromMemory doesn't match image /Users/tiberiusshaub/Documents/files/works/unity/Roll-a-ball/unity-project-2/Library/PackageCache/com.unity.visualscripting@1.7.8/Editor/VisualScripting.Core/Dependencies/YamlDotNet/Unity.VisualScripting.YamlDotNet.dll
Symbol file LoadedFromMemory doesn't match image /Users/tiberiusshaub/Documents/files/works/unity/Roll-a-ball/unity-project-2/Library/PackageCache/com.unity.visualscripting@1.7.8/Editor/VisualScripting.Core/Dependencies/DotNetZip/Unity.VisualScripting.IonicZip.dll
Native extension for LinuxStandalone target not found
Native extension for WindowsStandalone target not found
Native extension for OSXStandalone target not found
Refreshing native plugins compatible for Editor in 3.65 ms, found 3 plugins.
Preloading 0 native plugins for Editor in 0.00 ms.
Mono: successfully reloaded assembly
- Completed reload, in  8.292 seconds
Domain Reload Profiling:
	ReloadAssembly (8295ms)
		BeginReloadAssembly (791ms)
			ExecutionOrderSort (0ms)
			DisableScriptedObjects (24ms)
			BackupInstance (0ms)
			ReleaseScriptingObjects (0ms)
			CreateAndSetChildDomain (321ms)
		EndReloadAssembly (6957ms)
			LoadAssemblies (717ms)
			RebuildTransferFunctionScriptingTraits (0ms)
			SetupTypeCache (1594ms)
				TypeCache.Initialize (1554ms)
					TypeCache.ScanAssembly (1525ms)
				ResolveRequiredComponents (41ms)
			ReleaseScriptCaches (4ms)
			RebuildScriptCaches (296ms)
			SetupLoadedEditorAssemblies (3812ms)
				LogAssemblyErrors (0ms)
				InitializePlatformSupportModulesInManaged (57ms)
				SetLoadedEditorAssemblies (33ms)
				RefreshPlugins (4ms)
				BeforeProcessingInitializeOnLoad (346ms)
				ProcessInitializeOnLoadAttributes (2545ms)
				ProcessInitializeOnLoadMethodAttributes (821ms)
				AfterProcessingInitializeOnLoad (5ms)
				EditorAssembliesLoaded (1ms)
			ExecutionOrderSort2 (0ms)
			AwakeInstancesAfterBackupRestoration (131ms)
Platform modules already initialized, skipping
Refreshing native plugins compatible for Editor in 15.98 ms, found 3 plugins.
Preloading 0 native plugins for Editor in 0.00 ms.
Unloading 5552 Unused Serialized files (Serialized files now loaded: 0)
Unloading 35 unused Assets / (375.3 KB). Loaded Objects now: 6263.
Memory consumption went from 1.00 GB to 1.00 GB.
Total: 50.056455 ms (FindLiveObjects: 5.287195 ms CreateObjectMapping: 8.562897 ms MarkObjects: 34.552015 ms  DeleteObjects: 1.638005 ms)

AssetImportParameters requested are different than current active one (requested -> active):
  custom:video-decoder-ogg-theora: a1e56fd34408186e4bbccfd4996cb3dc -> 
  custom:container-muxer-webm: aa71ff27fc2769a1b78a27578f13a17b -> 
  custom:container-demuxer-webm: 4f35f7cbe854078d1ac9338744f61a02 -> 
  custom:video-encoder-webm-vp8: eb34c28f22e8b96e1ab97ce403110664 -> 
  custom:framework-osx-AVFoundation: e770b220cccbd017edd2c1fefb359320 -> 
  custom:audio-encoder-webm-vorbis: bf7c407c2cedff20999df2af8eb42d56 -> 
  custom:container-demuxer-ogg: 62fdf1f143b41e24485cea50d1cbac27 -> 
  custom:video-decoder-webm-vp8: 9c59270c3fd7afecdb556c50c9e8de78 -> 
  custom:audio-decoder-ogg-vorbis: bf7c407c2cedff20999df2af8eb42d56 -> 
========================================================================
Received Prepare
Registering precompiled user dll's ...
Registered in 0.008960 seconds.
Begin MonoManager ReloadAssembly
Symbol file LoadedFromMemory doesn't match image /Users/tiberiusshaub/Documents/files/works/unity/Roll-a-ball/unity-project-2/Library/PackageCache/com.unity.visualscripting@1.7.8/Editor/VisualScripting.Core/Dependencies/YamlDotNet/Unity.VisualScripting.YamlDotNet.dll
Symbol file LoadedFromMemory doesn't match image /Users/tiberiusshaub/Documents/files/works/unity/Roll-a-ball/unity-project-2/Library/PackageCache/com.unity.visualscripting@1.7.8/Editor/VisualScripting.Core/Dependencies/DotNetZip/Unity.VisualScripting.IonicZip.dll
Native extension for LinuxStandalone target not found
Native extension for WindowsStandalone target not found
Native extension for OSXStandalone target not found
Refreshing native plugins compatible for Editor in 9.84 ms, found 3 plugins.
Preloading 0 native plugins for Editor in 0.00 ms.
Mono: successfully reloaded assembly
- Completed reload, in  9.976 seconds
Domain Reload Profiling:
	ReloadAssembly (9980ms)
		BeginReloadAssembly (1498ms)
			ExecutionOrderSort (0ms)
			DisableScriptedObjects (46ms)
			BackupInstance (0ms)
			ReleaseScriptingObjects (2ms)
			CreateAndSetChildDomain (731ms)
		EndReloadAssembly (7313ms)
			LoadAssemblies (735ms)
			RebuildTransferFunctionScriptingTraits (5ms)
			SetupTypeCache (3504ms)
				TypeCache.Initialize (3459ms)
					TypeCache.ScanAssembly (3406ms)
				ResolveRequiredComponents (45ms)
			ReleaseScriptCaches (112ms)
			RebuildScriptCaches (268ms)
			SetupLoadedEditorAssemblies (2440ms)
				LogAssemblyErrors (0ms)
				InitializePlatformSupportModulesInManaged (26ms)
				SetLoadedEditorAssemblies (13ms)
				RefreshPlugins (10ms)
				BeforeProcessingInitializeOnLoad (254ms)
				ProcessInitializeOnLoadAttributes (1625ms)
				ProcessInitializeOnLoadMethodAttributes (507ms)
				AfterProcessingInitializeOnLoad (3ms)
				EditorAssembliesLoaded (1ms)
			ExecutionOrderSort2 (0ms)
			AwakeInstancesAfterBackupRestoration (238ms)
Platform modules already initialized, skipping
Refreshing native plugins compatible for Editor in 7.18 ms, found 3 plugins.
Preloading 0 native plugins for Editor in 0.00 ms.
Unloading 5552 Unused Serialized files (Serialized files now loaded: 0)
Unloading 35 unused Assets / (376.3 KB). Loaded Objects now: 6267.
Memory consumption went from 1.00 GB to 1.00 GB.
Total: 33.006304 ms (FindLiveObjects: 0.810008 ms CreateObjectMapping: 1.473956 ms MarkObjects: 29.222046 ms  DeleteObjects: 1.496958 ms)

AssetImportParameters requested are different than current active one (requested -> active):
  custom:video-decoder-ogg-theora: a1e56fd34408186e4bbccfd4996cb3dc -> 
  custom:container-muxer-webm: aa71ff27fc2769a1b78a27578f13a17b -> 
  custom:container-demuxer-webm: 4f35f7cbe854078d1ac9338744f61a02 -> 
  custom:video-encoder-webm-vp8: eb34c28f22e8b96e1ab97ce403110664 -> 
  custom:framework-osx-AVFoundation: e770b220cccbd017edd2c1fefb359320 -> 
  custom:audio-encoder-webm-vorbis: bf7c407c2cedff20999df2af8eb42d56 -> 
  custom:container-demuxer-ogg: 62fdf1f143b41e24485cea50d1cbac27 -> 
  custom:video-decoder-webm-vp8: 9c59270c3fd7afecdb556c50c9e8de78 -> 
  custom:audio-decoder-ogg-vorbis: bf7c407c2cedff20999df2af8eb42d56 -> 
========================================================================
Received Prepare
Registering precompiled user dll's ...
Registered in 0.007075 seconds.
Begin MonoManager ReloadAssembly
Symbol file LoadedFromMemory doesn't match image /Users/tiberiusshaub/Documents/files/works/unity/Roll-a-ball/unity-project-2/Library/PackageCache/com.unity.visualscripting@1.7.8/Editor/VisualScripting.Core/Dependencies/YamlDotNet/Unity.VisualScripting.YamlDotNet.dll
Symbol file LoadedFromMemory doesn't match image /Users/tiberiusshaub/Documents/files/works/unity/Roll-a-ball/unity-project-2/Library/PackageCache/com.unity.visualscripting@1.7.8/Editor/VisualScripting.Core/Dependencies/DotNetZip/Unity.VisualScripting.IonicZip.dll
Native extension for LinuxStandalone target not found
Native extension for WindowsStandalone target not found
Native extension for OSXStandalone target not found
Refreshing native plugins compatible for Editor in 6.79 ms, found 3 plugins.
Preloading 0 native plugins for Editor in 0.00 ms.
Mono: successfully reloaded assembly
- Completed reload, in  7.707 seconds
Domain Reload Profiling:
	ReloadAssembly (7715ms)
		BeginReloadAssembly (1872ms)
			ExecutionOrderSort (0ms)
			DisableScriptedObjects (37ms)
			BackupInstance (0ms)
			ReleaseScriptingObjects (1ms)
			CreateAndSetChildDomain (1411ms)
		EndReloadAssembly (5328ms)
			LoadAssemblies (560ms)
			RebuildTransferFunctionScriptingTraits (0ms)
			SetupTypeCache (1874ms)
				TypeCache.Initialize (1815ms)
					TypeCache.ScanAssembly (1787ms)
				ResolveRequiredComponents (59ms)
			ReleaseScriptCaches (14ms)
			RebuildScriptCaches (269ms)
			SetupLoadedEditorAssemblies (2286ms)
				LogAssemblyErrors (0ms)
				InitializePlatformSupportModulesInManaged (71ms)
				SetLoadedEditorAssemblies (34ms)
				RefreshPlugins (7ms)
				BeforeProcessingInitializeOnLoad (277ms)
				ProcessInitializeOnLoadAttributes (1484ms)
				ProcessInitializeOnLoadMethodAttributes (399ms)
				AfterProcessingInitializeOnLoad (13ms)
				EditorAssembliesLoaded (1ms)
			ExecutionOrderSort2 (0ms)
			AwakeInstancesAfterBackupRestoration (65ms)
Platform modules already initialized, skipping
Refreshing native plugins compatible for Editor in 6.41 ms, found 3 plugins.
Preloading 0 native plugins for Editor in 0.00 ms.
Unloading 5552 Unused Serialized files (Serialized files now loaded: 0)
Unloading 35 unused Assets / (376.3 KB). Loaded Objects now: 6271.
Memory consumption went from 1.00 GB to 1.00 GB.
Total: 10.473375 ms (FindLiveObjects: 0.687575 ms CreateObjectMapping: 1.023975 ms MarkObjects: 8.113819 ms  DeleteObjects: 0.645999 ms)

AssetImportParameters requested are different than current active one (requested -> active):
  custom:video-decoder-ogg-theora: a1e56fd34408186e4bbccfd4996cb3dc -> 
  custom:container-muxer-webm: aa71ff27fc2769a1b78a27578f13a17b -> 
  custom:container-demuxer-webm: 4f35f7cbe854078d1ac9338744f61a02 -> 
  custom:video-encoder-webm-vp8: eb34c28f22e8b96e1ab97ce403110664 -> 
  custom:framework-osx-AVFoundation: e770b220cccbd017edd2c1fefb359320 -> 
  custom:audio-encoder-webm-vorbis: bf7c407c2cedff20999df2af8eb42d56 -> 
  custom:container-demuxer-ogg: 62fdf1f143b41e24485cea50d1cbac27 -> 
  custom:video-decoder-webm-vp8: 9c59270c3fd7afecdb556c50c9e8de78 -> 
  custom:audio-decoder-ogg-vorbis: bf7c407c2cedff20999df2af8eb42d56 -> 
========================================================================
Received Import Request.
  Time since last request: 482.197654 seconds.
  path: Assets/prefabs/pickup.prefab
  artifactKey: Guid(394ada2b067ab4bb8995262ee32ae8fd) Importer(815301076,1909f56bfc062723c751e8b465ee728b)
Start importing Assets/prefabs/pickup.prefab using Guid(394ada2b067ab4bb8995262ee32ae8fd) Importer(815301076,1909f56bfc062723c751e8b465ee728b)  -> (artifact id: '503cc2e9cb46b002acaef3f8784752e1') in 3.264069 seconds 
========================================================================
Received Import Request.
  Time since last request: 157.228914 seconds.
  path: Assets/scenes/tutorial_map.unity
  artifactKey: Guid(7ecefc030293c5c4098aa27898524749) Importer(815301076,1909f56bfc062723c751e8b465ee728b)
Start importing Assets/scenes/tutorial_map.unity using Guid(7ecefc030293c5c4098aa27898524749) Importer(815301076,1909f56bfc062723c751e8b465ee728b)  -> (artifact id: '939d859dc4cdb46419d90949c75b2a8f') in 0.011666 seconds 
========================================================================
Received Prepare
Registering precompiled user dll's ...
Registered in 0.006958 seconds.
Begin MonoManager ReloadAssembly
Symbol file LoadedFromMemory doesn't match image /Users/tiberiusshaub/Documents/files/works/unity/Roll-a-ball/unity-project-2/Library/PackageCache/com.unity.visualscripting@1.7.8/Editor/VisualScripting.Core/Dependencies/YamlDotNet/Unity.VisualScripting.YamlDotNet.dll
Symbol file LoadedFromMemory doesn't match image /Users/tiberiusshaub/Documents/files/works/unity/Roll-a-ball/unity-project-2/Library/PackageCache/com.unity.visualscripting@1.7.8/Editor/VisualScripting.Core/Dependencies/DotNetZip/Unity.VisualScripting.IonicZip.dll
Native extension for LinuxStandalone target not found
Native extension for WindowsStandalone target not found
Native extension for OSXStandalone target not found
Refreshing native plugins compatible for Editor in 15.34 ms, found 3 plugins.
Preloading 0 native plugins for Editor in 0.00 ms.
Mono: successfully reloaded assembly
- Completed reload, in  5.870 seconds
Domain Reload Profiling:
	ReloadAssembly (5878ms)
		BeginReloadAssembly (1648ms)
			ExecutionOrderSort (5ms)
			DisableScriptedObjects (245ms)
			BackupInstance (0ms)
			ReleaseScriptingObjects (1ms)
			CreateAndSetChildDomain (726ms)
		EndReloadAssembly (3903ms)
			LoadAssemblies (485ms)
			RebuildTransferFunctionScriptingTraits (8ms)
			SetupTypeCache (1227ms)
				TypeCache.Initialize (1192ms)
					TypeCache.ScanAssembly (1145ms)
				ResolveRequiredComponents (35ms)
			ReleaseScriptCaches (85ms)
			RebuildScriptCaches (275ms)
			SetupLoadedEditorAssemblies (1603ms)
				LogAssemblyErrors (0ms)
				InitializePlatformSupportModulesInManaged (36ms)
				SetLoadedEditorAssemblies (16ms)
				RefreshPlugins (16ms)
				BeforeProcessingInitializeOnLoad (196ms)
				ProcessInitializeOnLoadAttributes (1105ms)
				ProcessInitializeOnLoadMethodAttributes (225ms)
				AfterProcessingInitializeOnLoad (7ms)
				EditorAssembliesLoaded (1ms)
			ExecutionOrderSort2 (0ms)
			AwakeInstancesAfterBackupRestoration (62ms)
Platform modules already initialized, skipping
Refreshing native plugins compatible for Editor in 24.74 ms, found 3 plugins.
Preloading 0 native plugins for Editor in 0.00 ms.
Unloading 5552 Unused Serialized files (Serialized files now loaded: 0)
Unloading 35 unused Assets / (375.3 KB). Loaded Objects now: 6316.
Memory consumption went from 1.01 GB to 1.01 GB.
Total: 122.949787 ms (FindLiveObjects: 17.042044 ms CreateObjectMapping: 2.072218 ms MarkObjects: 102.283479 ms  DeleteObjects: 1.543683 ms)

AssetImportParameters requested are different than current active one (requested -> active):
  custom:video-decoder-ogg-theora: a1e56fd34408186e4bbccfd4996cb3dc -> 
  custom:container-muxer-webm: aa71ff27fc2769a1b78a27578f13a17b -> 
  custom:container-demuxer-webm: 4f35f7cbe854078d1ac9338744f61a02 -> 
  custom:video-encoder-webm-vp8: eb34c28f22e8b96e1ab97ce403110664 -> 
  custom:framework-osx-AVFoundation: e770b220cccbd017edd2c1fefb359320 -> 
  custom:audio-encoder-webm-vorbis: bf7c407c2cedff20999df2af8eb42d56 -> 
  custom:container-demuxer-ogg: 62fdf1f143b41e24485cea50d1cbac27 -> 
  custom:video-decoder-webm-vp8: 9c59270c3fd7afecdb556c50c9e8de78 -> 
  custom:audio-decoder-ogg-vorbis: bf7c407c2cedff20999df2af8eb42d56 -> 
========================================================================
Received Prepare
Registering precompiled user dll's ...
Registered in 0.034531 seconds.
Begin MonoManager ReloadAssembly
Symbol file LoadedFromMemory doesn't match image /Users/tiberiusshaub/Documents/files/works/unity/Roll-a-ball/unity-project-2/Library/PackageCache/com.unity.visualscripting@1.7.8/Editor/VisualScripting.Core/Dependencies/YamlDotNet/Unity.VisualScripting.YamlDotNet.dll
Symbol file LoadedFromMemory doesn't match image /Users/tiberiusshaub/Documents/files/works/unity/Roll-a-ball/unity-project-2/Library/PackageCache/com.unity.visualscripting@1.7.8/Editor/VisualScripting.Core/Dependencies/DotNetZip/Unity.VisualScripting.IonicZip.dll
Native extension for LinuxStandalone target not found
Native extension for WindowsStandalone target not found
Native extension for OSXStandalone target not found
Refreshing native plugins compatible for Editor in 7.22 ms, found 3 plugins.
Preloading 0 native plugins for Editor in 0.00 ms.
Mono: successfully reloaded assembly
- Completed reload, in  6.274 seconds
Domain Reload Profiling:
	ReloadAssembly (6280ms)
		BeginReloadAssembly (1471ms)
			ExecutionOrderSort (2ms)
			DisableScriptedObjects (110ms)
			BackupInstance (0ms)
			ReleaseScriptingObjects (2ms)
			CreateAndSetChildDomain (887ms)
		EndReloadAssembly (4488ms)
			LoadAssemblies (363ms)
			RebuildTransferFunctionScriptingTraits (4ms)
			SetupTypeCache (1189ms)
				TypeCache.Initialize (1153ms)
					TypeCache.ScanAssembly (1126ms)
				ResolveRequiredComponents (36ms)
			ReleaseScriptCaches (96ms)
			RebuildScriptCaches (175ms)
			SetupLoadedEditorAssemblies (2439ms)
				LogAssemblyErrors (0ms)
				InitializePlatformSupportModulesInManaged (31ms)
				SetLoadedEditorAssemblies (14ms)
				RefreshPlugins (7ms)
				BeforeProcessingInitializeOnLoad (663ms)
				ProcessInitializeOnLoadAttributes (1366ms)
				ProcessInitializeOnLoadMethodAttributes (340ms)
				AfterProcessingInitializeOnLoad (15ms)
				EditorAssembliesLoaded (2ms)
			ExecutionOrderSort2 (0ms)
			AwakeInstancesAfterBackupRestoration (69ms)
Platform modules already initialized, skipping
Refreshing native plugins compatible for Editor in 39.39 ms, found 3 plugins.
Preloading 0 native plugins for Editor in 0.00 ms.
Unloading 5552 Unused Serialized files (Serialized files now loaded: 0)
Unloading 35 unused Assets / (376.2 KB). Loaded Objects now: 6320.
Memory consumption went from 1.01 GB to 1.01 GB.
Total: 1661.078150 ms (FindLiveObjects: 89.474106 ms CreateObjectMapping: 2.775403 ms MarkObjects: 652.163385 ms  DeleteObjects: 915.924600 ms)

AssetImportParameters requested are different than current active one (requested -> active):
  custom:video-decoder-ogg-theora: a1e56fd34408186e4bbccfd4996cb3dc -> 
  custom:container-muxer-webm: aa71ff27fc2769a1b78a27578f13a17b -> 
  custom:container-demuxer-webm: 4f35f7cbe854078d1ac9338744f61a02 -> 
  custom:video-encoder-webm-vp8: eb34c28f22e8b96e1ab97ce403110664 -> 
  custom:framework-osx-AVFoundation: e770b220cccbd017edd2c1fefb359320 -> 
  custom:audio-encoder-webm-vorbis: bf7c407c2cedff20999df2af8eb42d56 -> 
  custom:container-demuxer-ogg: 62fdf1f143b41e24485cea50d1cbac27 -> 
  custom:video-decoder-webm-vp8: 9c59270c3fd7afecdb556c50c9e8de78 -> 
  custom:audio-decoder-ogg-vorbis: bf7c407c2cedff20999df2af8eb42d56 -> 
========================================================================
Received Prepare
Registering precompiled user dll's ...
Registered in 0.024632 seconds.
Begin MonoManager ReloadAssembly
Symbol file LoadedFromMemory doesn't match image /Users/tiberiusshaub/Documents/files/works/unity/Roll-a-ball/unity-project-2/Library/PackageCache/com.unity.visualscripting@1.7.8/Editor/VisualScripting.Core/Dependencies/YamlDotNet/Unity.VisualScripting.YamlDotNet.dll
Symbol file LoadedFromMemory doesn't match image /Users/tiberiusshaub/Documents/files/works/unity/Roll-a-ball/unity-project-2/Library/PackageCache/com.unity.visualscripting@1.7.8/Editor/VisualScripting.Core/Dependencies/DotNetZip/Unity.VisualScripting.IonicZip.dll
Native extension for LinuxStandalone target not found
Native extension for WindowsStandalone target not found
Native extension for OSXStandalone target not found
Refreshing native plugins compatible for Editor in 86.96 ms, found 3 plugins.
Preloading 0 native plugins for Editor in 0.00 ms.
Mono: successfully reloaded assembly
- Completed reload, in 14.563 seconds
Domain Reload Profiling:
	ReloadAssembly (14578ms)
		BeginReloadAssembly (1575ms)
			ExecutionOrderSort (0ms)
			DisableScriptedObjects (47ms)
			BackupInstance (0ms)
			ReleaseScriptingObjects (1ms)
			CreateAndSetChildDomain (515ms)
		EndReloadAssembly (12194ms)
			LoadAssemblies (1012ms)
			RebuildTransferFunctionScriptingTraits (13ms)
			SetupTypeCache (3442ms)
				TypeCache.Initialize (3270ms)
					TypeCache.ScanAssembly (2959ms)
				ResolveRequiredComponents (171ms)
			ReleaseScriptCaches (158ms)
			RebuildScriptCaches (1208ms)
			SetupLoadedEditorAssemblies (5046ms)
				LogAssemblyErrors (0ms)
				InitializePlatformSupportModulesInManaged (75ms)
				SetLoadedEditorAssemblies (37ms)
				RefreshPlugins (89ms)
				BeforeProcessingInitializeOnLoad (411ms)
				ProcessInitializeOnLoadAttributes (2566ms)
				ProcessInitializeOnLoadMethodAttributes (1784ms)
				AfterProcessingInitializeOnLoad (72ms)
				EditorAssembliesLoaded (10ms)
			ExecutionOrderSort2 (1ms)
			AwakeInstancesAfterBackupRestoration (166ms)
Platform modules already initialized, skipping
Refreshing native plugins compatible for Editor in 24.52 ms, found 3 plugins.
Preloading 0 native plugins for Editor in 0.00 ms.
Unloading 5552 Unused Serialized files (Serialized files now loaded: 0)
Unloading 35 unused Assets / (375.1 KB). Loaded Objects now: 6324.
Memory consumption went from 1.01 GB to 1.01 GB.
Total: 113.746691 ms (FindLiveObjects: 4.068245 ms CreateObjectMapping: 1.717130 ms MarkObjects: 104.395982 ms  DeleteObjects: 3.557128 ms)

AssetImportParameters requested are different than current active one (requested -> active):
  custom:video-decoder-ogg-theora: a1e56fd34408186e4bbccfd4996cb3dc -> 
  custom:container-muxer-webm: aa71ff27fc2769a1b78a27578f13a17b -> 
  custom:container-demuxer-webm: 4f35f7cbe854078d1ac9338744f61a02 -> 
  custom:video-encoder-webm-vp8: eb34c28f22e8b96e1ab97ce403110664 -> 
  custom:framework-osx-AVFoundation: e770b220cccbd017edd2c1fefb359320 -> 
  custom:audio-encoder-webm-vorbis: bf7c407c2cedff20999df2af8eb42d56 -> 
  custom:container-demuxer-ogg: 62fdf1f143b41e24485cea50d1cbac27 -> 
  custom:video-decoder-webm-vp8: 9c59270c3fd7afecdb556c50c9e8de78 -> 
  custom:audio-decoder-ogg-vorbis: bf7c407c2cedff20999df2af8eb42d56 -> 
========================================================================
Received Import Request.
  Time since last request: 240.714687 seconds.
  path: Assets/scripts/levelController.cs
  artifactKey: Guid(d79f8983dd7884320b43766e46eee11e) Importer(815301076,1909f56bfc062723c751e8b465ee728b)
Start importing Assets/scripts/levelController.cs using Guid(d79f8983dd7884320b43766e46eee11e) Importer(815301076,1909f56bfc062723c751e8b465ee728b)  -> (artifact id: 'c5f95fdc35c908bba078aa316c04dc37') in 2.263816 seconds 
========================================================================
Received Prepare
Registering precompiled user dll's ...
Registered in 0.014137 seconds.
Begin MonoManager ReloadAssembly
Symbol file LoadedFromMemory doesn't match image /Users/tiberiusshaub/Documents/files/works/unity/Roll-a-ball/unity-project-2/Library/PackageCache/com.unity.visualscripting@1.7.8/Editor/VisualScripting.Core/Dependencies/YamlDotNet/Unity.VisualScripting.YamlDotNet.dll
Symbol file LoadedFromMemory doesn't match image /Users/tiberiusshaub/Documents/files/works/unity/Roll-a-ball/unity-project-2/Library/PackageCache/com.unity.visualscripting@1.7.8/Editor/VisualScripting.Core/Dependencies/DotNetZip/Unity.VisualScripting.IonicZip.dll
Native extension for LinuxStandalone target not found
Native extension for WindowsStandalone target not found
Native extension for OSXStandalone target not found
Refreshing native plugins compatible for Editor in 13.22 ms, found 3 plugins.
Preloading 0 native plugins for Editor in 0.00 ms.
Mono: successfully reloaded assembly
- Completed reload, in  9.970 seconds
Domain Reload Profiling:
	ReloadAssembly (9976ms)
		BeginReloadAssembly (1765ms)
			ExecutionOrderSort (0ms)
			DisableScriptedObjects (130ms)
			BackupInstance (0ms)
			ReleaseScriptingObjects (1ms)
			CreateAndSetChildDomain (933ms)
		EndReloadAssembly (7600ms)
			LoadAssemblies (788ms)
			RebuildTransferFunctionScriptingTraits (1ms)
			SetupTypeCache (2698ms)
				TypeCache.Initialize (2608ms)
					TypeCache.ScanAssembly (2555ms)
				ResolveRequiredComponents (90ms)
			ReleaseScriptCaches (125ms)
			RebuildScriptCaches (482ms)
			SetupLoadedEditorAssemblies (3095ms)
				LogAssemblyErrors (0ms)
				InitializePlatformSupportModulesInManaged (74ms)
				SetLoadedEditorAssemblies (43ms)
				RefreshPlugins (13ms)
				BeforeProcessingInitializeOnLoad (351ms)
				ProcessInitializeOnLoadAttributes (2111ms)
				ProcessInitializeOnLoadMethodAttributes (487ms)
				AfterProcessingInitializeOnLoad (16ms)
				EditorAssembliesLoaded (1ms)
			ExecutionOrderSort2 (0ms)
			AwakeInstancesAfterBackupRestoration (83ms)
Platform modules already initialized, skipping
Refreshing native plugins compatible for Editor in 40.89 ms, found 3 plugins.
Preloading 0 native plugins for Editor in 0.00 ms.
Unloading 5552 Unused Serialized files (Serialized files now loaded: 0)
Unloading 35 unused Assets / (375.2 KB). Loaded Objects now: 6328.
Memory consumption went from 1.01 GB to 1.01 GB.
Total: 88.387801 ms (FindLiveObjects: 6.621157 ms CreateObjectMapping: 2.546884 ms MarkObjects: 74.249399 ms  DeleteObjects: 4.946259 ms)

AssetImportParameters requested are different than current active one (requested -> active):
  custom:video-decoder-ogg-theora: a1e56fd34408186e4bbccfd4996cb3dc -> 
  custom:container-muxer-webm: aa71ff27fc2769a1b78a27578f13a17b -> 
  custom:container-demuxer-webm: 4f35f7cbe854078d1ac9338744f61a02 -> 
  custom:video-encoder-webm-vp8: eb34c28f22e8b96e1ab97ce403110664 -> 
  custom:framework-osx-AVFoundation: e770b220cccbd017edd2c1fefb359320 -> 
  custom:audio-encoder-webm-vorbis: bf7c407c2cedff20999df2af8eb42d56 -> 
  custom:container-demuxer-ogg: 62fdf1f143b41e24485cea50d1cbac27 -> 
  custom:video-decoder-webm-vp8: 9c59270c3fd7afecdb556c50c9e8de78 -> 
  custom:audio-decoder-ogg-vorbis: bf7c407c2cedff20999df2af8eb42d56 -> 
========================================================================
Received Import Request.
  Time since last request: 208.340028 seconds.
  path: Assets/scenes/Level_2.unity
  artifactKey: Guid(0c1fd7d0b784e2348b5ec7fe7fe09079) Importer(815301076,1909f56bfc062723c751e8b465ee728b)
Start importing Assets/scenes/Level_2.unity using Guid(0c1fd7d0b784e2348b5ec7fe7fe09079) Importer(815301076,1909f56bfc062723c751e8b465ee728b)  -> (artifact id: 'de7ce983263c860d113759a3680dca18') in 0.317995 seconds 
========================================================================
Received Import Request.
  Time since last request: 40.883745 seconds.
  path: Assets/scenes/tutorial_map.unity
  artifactKey: Guid(7ecefc030293c5c4098aa27898524749) Importer(815301076,1909f56bfc062723c751e8b465ee728b)
Start importing Assets/scenes/tutorial_map.unity using Guid(7ecefc030293c5c4098aa27898524749) Importer(815301076,1909f56bfc062723c751e8b465ee728b)  -> (artifact id: '99e7f838d7054d85aad2892e4d9e5157') in 0.013180 seconds 
========================================================================
Received Prepare
Registering precompiled user dll's ...
Registered in 0.014372 seconds.
Begin MonoManager ReloadAssembly
Symbol file LoadedFromMemory doesn't match image /Users/tiberiusshaub/Documents/files/works/unity/Roll-a-ball/unity-project-2/Library/PackageCache/com.unity.visualscripting@1.7.8/Editor/VisualScripting.Core/Dependencies/YamlDotNet/Unity.VisualScripting.YamlDotNet.dll
Symbol file LoadedFromMemory doesn't match image /Users/tiberiusshaub/Documents/files/works/unity/Roll-a-ball/unity-project-2/Library/PackageCache/com.unity.visualscripting@1.7.8/Editor/VisualScripting.Core/Dependencies/DotNetZip/Unity.VisualScripting.IonicZip.dll
Native extension for LinuxStandalone target not found
Native extension for WindowsStandalone target not found
Native extension for OSXStandalone target not found
Refreshing native plugins compatible for Editor in 9.60 ms, found 3 plugins.
Preloading 0 native plugins for Editor in 0.00 ms.
Mono: successfully reloaded assembly
- Completed reload, in  9.557 seconds
Domain Reload Profiling:
	ReloadAssembly (9565ms)
		BeginReloadAssembly (1817ms)
			ExecutionOrderSort (0ms)
			DisableScriptedObjects (80ms)
			BackupInstance (0ms)
			ReleaseScriptingObjects (1ms)
			CreateAndSetChildDomain (956ms)
		EndReloadAssembly (7045ms)
			LoadAssemblies (807ms)
			RebuildTransferFunctionScriptingTraits (16ms)
			SetupTypeCache (2377ms)
				TypeCache.Initialize (2298ms)
					TypeCache.ScanAssembly (2250ms)
				ResolveRequiredComponents (78ms)
			ReleaseScriptCaches (94ms)
			RebuildScriptCaches (386ms)
			SetupLoadedEditorAssemblies (3044ms)
				LogAssemblyErrors (0ms)
				InitializePlatformSupportModulesInManaged (67ms)
				SetLoadedEditorAssemblies (39ms)
				RefreshPlugins (10ms)
				BeforeProcessingInitializeOnLoad (379ms)
				ProcessInitializeOnLoadAttributes (2073ms)
				ProcessInitializeOnLoadMethodAttributes (462ms)
				AfterProcessingInitializeOnLoad (12ms)
				EditorAssembliesLoaded (3ms)
			ExecutionOrderSort2 (0ms)
			AwakeInstancesAfterBackupRestoration (96ms)
Platform modules already initialized, skipping
Refreshing native plugins compatible for Editor in 17.95 ms, found 3 plugins.
Preloading 0 native plugins for Editor in 0.00 ms.
Unloading 5552 Unused Serialized files (Serialized files now loaded: 0)
Unloading 35 unused Assets / (376.2 KB). Loaded Objects now: 6332.
Memory consumption went from 1.01 GB to 1.01 GB.
Total: 123.661400 ms (FindLiveObjects: 6.253915 ms CreateObjectMapping: 5.262086 ms MarkObjects: 109.683774 ms  DeleteObjects: 2.456114 ms)

AssetImportParameters requested are different than current active one (requested -> active):
  custom:video-decoder-ogg-theora: a1e56fd34408186e4bbccfd4996cb3dc -> 
  custom:container-muxer-webm: aa71ff27fc2769a1b78a27578f13a17b -> 
  custom:container-demuxer-webm: 4f35f7cbe854078d1ac9338744f61a02 -> 
  custom:video-encoder-webm-vp8: eb34c28f22e8b96e1ab97ce403110664 -> 
  custom:framework-osx-AVFoundation: e770b220cccbd017edd2c1fefb359320 -> 
  custom:audio-encoder-webm-vorbis: bf7c407c2cedff20999df2af8eb42d56 -> 
  custom:container-demuxer-ogg: 62fdf1f143b41e24485cea50d1cbac27 -> 
  custom:video-decoder-webm-vp8: 9c59270c3fd7afecdb556c50c9e8de78 -> 
  custom:audio-decoder-ogg-vorbis: bf7c407c2cedff20999df2af8eb42d56 -> 
========================================================================
Received Import Request.
  Time since last request: 576.304746 seconds.
  path: Assets/scenes/Level_2.unity
  artifactKey: Guid(0c1fd7d0b784e2348b5ec7fe7fe09079) Importer(815301076,1909f56bfc062723c751e8b465ee728b)
Start importing Assets/scenes/Level_2.unity using Guid(0c1fd7d0b784e2348b5ec7fe7fe09079) Importer(815301076,1909f56bfc062723c751e8b465ee728b)  -> (artifact id: 'e9dd4d12c361b3b0fee2d615b54bbb73') in 0.397081 seconds 
========================================================================
Received Import Request.
  Time since last request: 13.592451 seconds.
  path: Assets/sounds/188043__antumdeluge__mouse.wav
  artifactKey: Guid(ec1e79ce124accf43a73cf8b3dc582e3) Importer(815301076,1909f56bfc062723c751e8b465ee728b)
Start importing Assets/sounds/188043__antumdeluge__mouse.wav using Guid(ec1e79ce124accf43a73cf8b3dc582e3) Importer(815301076,1909f56bfc062723c751e8b465ee728b)  -> (artifact id: '65eb91e6000bec9edf20abedf105a98c') in 4.164242 seconds 
========================================================================
Received Prepare
Registering precompiled user dll's ...
Registered in 0.008372 seconds.
Begin MonoManager ReloadAssembly
Symbol file LoadedFromMemory doesn't match image /Users/tiberiusshaub/Documents/files/works/unity/Roll-a-ball/unity-project-2/Library/PackageCache/com.unity.visualscripting@1.7.8/Editor/VisualScripting.Core/Dependencies/YamlDotNet/Unity.VisualScripting.YamlDotNet.dll
Symbol file LoadedFromMemory doesn't match image /Users/tiberiusshaub/Documents/files/works/unity/Roll-a-ball/unity-project-2/Library/PackageCache/com.unity.visualscripting@1.7.8/Editor/VisualScripting.Core/Dependencies/DotNetZip/Unity.VisualScripting.IonicZip.dll
Native extension for LinuxStandalone target not found
Native extension for WindowsStandalone target not found
Native extension for OSXStandalone target not found
Refreshing native plugins compatible for Editor in 40.24 ms, found 3 plugins.
Preloading 0 native plugins for Editor in 0.00 ms.
Mono: successfully reloaded assembly
- Completed reload, in 14.466 seconds
Domain Reload Profiling:
	ReloadAssembly (14471ms)
		BeginReloadAssembly (2383ms)
			ExecutionOrderSort (0ms)
			DisableScriptedObjects (93ms)
			BackupInstance (0ms)
			ReleaseScriptingObjects (7ms)
			CreateAndSetChildDomain (1292ms)
		EndReloadAssembly (10936ms)
			LoadAssemblies (1119ms)
			RebuildTransferFunctionScriptingTraits (9ms)
			SetupTypeCache (4994ms)
				TypeCache.Initialize (4823ms)
					TypeCache.ScanAssembly (4683ms)
				ResolveRequiredComponents (169ms)
			ReleaseScriptCaches (244ms)
			RebuildScriptCaches (783ms)
			SetupLoadedEditorAssemblies (3350ms)
				LogAssemblyErrors (0ms)
				InitializePlatformSupportModulesInManaged (90ms)
				SetLoadedEditorAssemblies (47ms)
				RefreshPlugins (40ms)
				BeforeProcessingInitializeOnLoad (467ms)
				ProcessInitializeOnLoadAttributes (2280ms)
				ProcessInitializeOnLoadMethodAttributes (418ms)
				AfterProcessingInitializeOnLoad (5ms)
				EditorAssembliesLoaded (2ms)
			ExecutionOrderSort2 (0ms)
			AwakeInstancesAfterBackupRestoration (54ms)
Platform modules already initialized, skipping
Refreshing native plugins compatible for Editor in 23.25 ms, found 3 plugins.
Preloading 0 native plugins for Editor in 0.00 ms.
Unloading 5552 Unused Serialized files (Serialized files now loaded: 0)
Unloading 35 unused Assets / (376.3 KB). Loaded Objects now: 6338.
Memory consumption went from 1.02 GB to 1.02 GB.
Total: 56.265695 ms (FindLiveObjects: 2.399770 ms CreateObjectMapping: 1.563064 ms MarkObjects: 50.990170 ms  DeleteObjects: 1.310219 ms)

AssetImportParameters requested are different than current active one (requested -> active):
  custom:video-decoder-ogg-theora: a1e56fd34408186e4bbccfd4996cb3dc -> 
  custom:container-muxer-webm: aa71ff27fc2769a1b78a27578f13a17b -> 
  custom:container-demuxer-webm: 4f35f7cbe854078d1ac9338744f61a02 -> 
  custom:video-encoder-webm-vp8: eb34c28f22e8b96e1ab97ce403110664 -> 
  custom:framework-osx-AVFoundation: e770b220cccbd017edd2c1fefb359320 -> 
  custom:audio-encoder-webm-vorbis: bf7c407c2cedff20999df2af8eb42d56 -> 
  custom:container-demuxer-ogg: 62fdf1f143b41e24485cea50d1cbac27 -> 
  custom:video-decoder-webm-vp8: 9c59270c3fd7afecdb556c50c9e8de78 -> 
  custom:audio-decoder-ogg-vorbis: bf7c407c2cedff20999df2af8eb42d56 -> 
========================================================================
Received Import Request.
  Time since last request: 686.228342 seconds.
  path: Assets/scenes/Level_1.unity
  artifactKey: Guid(c133bb636fdb8b04c9d847a6efff8826) Importer(815301076,1909f56bfc062723c751e8b465ee728b)
Start importing Assets/scenes/Level_1.unity using Guid(c133bb636fdb8b04c9d847a6efff8826) Importer(815301076,1909f56bfc062723c751e8b465ee728b)  -> (artifact id: '2344cd4feea7398e2c7b28ecf5c8efd5') in 0.524032 seconds 
========================================================================
Received Import Request.
  Time since last request: 61.020613 seconds.
  path: Assets/scenes/Level_2.unity
  artifactKey: Guid(0c1fd7d0b784e2348b5ec7fe7fe09079) Importer(815301076,1909f56bfc062723c751e8b465ee728b)
Start importing Assets/scenes/Level_2.unity using Guid(0c1fd7d0b784e2348b5ec7fe7fe09079) Importer(815301076,1909f56bfc062723c751e8b465ee728b)  -> (artifact id: '177c785f9397dbb05004c537718d29a9') in 0.018847 seconds 
========================================================================
Received Prepare
Registering precompiled user dll's ...
Registered in 0.011428 seconds.
Begin MonoManager ReloadAssembly
Symbol file LoadedFromMemory doesn't match image /Users/tiberiusshaub/Documents/files/works/unity/Roll-a-ball/unity-project-2/Library/PackageCache/com.unity.visualscripting@1.7.8/Editor/VisualScripting.Core/Dependencies/YamlDotNet/Unity.VisualScripting.YamlDotNet.dll
Symbol file LoadedFromMemory doesn't match image /Users/tiberiusshaub/Documents/files/works/unity/Roll-a-ball/unity-project-2/Library/PackageCache/com.unity.visualscripting@1.7.8/Editor/VisualScripting.Core/Dependencies/DotNetZip/Unity.VisualScripting.IonicZip.dll
Native extension for LinuxStandalone target not found
Native extension for WindowsStandalone target not found
Native extension for OSXStandalone target not found
Refreshing native plugins compatible for Editor in 7.20 ms, found 3 plugins.
Preloading 0 native plugins for Editor in 0.00 ms.
Mono: successfully reloaded assembly
- Completed reload, in 13.507 seconds
Domain Reload Profiling:
	ReloadAssembly (13513ms)
		BeginReloadAssembly (6660ms)
			ExecutionOrderSort (1ms)
			DisableScriptedObjects (414ms)
			BackupInstance (0ms)
			ReleaseScriptingObjects (15ms)
			CreateAndSetChildDomain (4902ms)
		EndReloadAssembly (6026ms)
			LoadAssemblies (971ms)
			RebuildTransferFunctionScriptingTraits (9ms)
			SetupTypeCache (3028ms)
				TypeCache.Initialize (2974ms)
					TypeCache.ScanAssembly (2885ms)
				ResolveRequiredComponents (54ms)
			ReleaseScriptCaches (123ms)
			RebuildScriptCaches (243ms)
			SetupLoadedEditorAssemblies (1680ms)
				LogAssemblyErrors (0ms)
				InitializePlatformSupportModulesInManaged (72ms)
				SetLoadedEditorAssemblies (24ms)
				RefreshPlugins (7ms)
				BeforeProcessingInitializeOnLoad (192ms)
				ProcessInitializeOnLoadAttributes (1190ms)
				ProcessInitializeOnLoadMethodAttributes (186ms)
				AfterProcessingInitializeOnLoad (7ms)
				EditorAssembliesLoaded (1ms)
			ExecutionOrderSort2 (0ms)
			AwakeInstancesAfterBackupRestoration (34ms)
Platform modules already initialized, skipping
Refreshing native plugins compatible for Editor in 37.60 ms, found 3 plugins.
Preloading 0 native plugins for Editor in 0.00 ms.
Unloading 5552 Unused Serialized files (Serialized files now loaded: 0)
Unloading 35 unused Assets / (375.2 KB). Loaded Objects now: 6342.
Memory consumption went from 1.02 GB to 1.02 GB.
Total: 94.809545 ms (FindLiveObjects: 4.459705 ms CreateObjectMapping: 3.205395 ms MarkObjects: 84.377536 ms  DeleteObjects: 2.763310 ms)

AssetImportParameters requested are different than current active one (requested -> active):
  custom:video-decoder-ogg-theora: a1e56fd34408186e4bbccfd4996cb3dc -> 
  custom:container-muxer-webm: aa71ff27fc2769a1b78a27578f13a17b -> 
  custom:container-demuxer-webm: 4f35f7cbe854078d1ac9338744f61a02 -> 
  custom:video-encoder-webm-vp8: eb34c28f22e8b96e1ab97ce403110664 -> 
  custom:framework-osx-AVFoundation: e770b220cccbd017edd2c1fefb359320 -> 
  custom:audio-encoder-webm-vorbis: bf7c407c2cedff20999df2af8eb42d56 -> 
  custom:container-demuxer-ogg: 62fdf1f143b41e24485cea50d1cbac27 -> 
  custom:video-decoder-webm-vp8: 9c59270c3fd7afecdb556c50c9e8de78 -> 
  custom:audio-decoder-ogg-vorbis: bf7c407c2cedff20999df2af8eb42d56 -> 
AssetImportWorkerClient::OnTransportError - code=2 error=End of file
